<?xml version="1.0" encoding="UTF-8"?>
<!-- Generated by org.testng.reporters.JUnitReportReporter -->
<testsuite hostname="QATest-1721815" failures="0" tests="1" name="testcases.TC001_HealthCheck" time="0.012" errors="0" timestamp="2020-11-06T19:05:30 IST" skipped="0">
  <testcase classname="testcases.TC001_HealthCheck" name="HealthcheckTest" time="0.012"/>
  <system-out/>
</testsuite> <!-- testcases.TC001_HealthCheck -->
