<?xml version="1.0" encoding="UTF-8"?>
<!-- Generated by org.testng.reporters.JUnitReportReporter -->
<testsuite hostname="QATest-1721815" failures="0" tests="3" name="testcases.TC002_EULATest" time="0.970" errors="0" timestamp="2020-11-06T19:05:44 IST" skipped="0">
  <testcase classname="testcases.TC002_EULATest" name="ValidateStatus" time="0.016"/>
  <system-out/>
  <testcase classname="testcases.TC002_EULATest" name="ValidateResponce" time="0.064"/>
  <system-out/>
  <testcase classname="testcases.TC002_EULATest" name="Validateschema" time="0.890"/>
  <system-out/>
</testsuite> <!-- testcases.TC002_EULATest -->
